::1 - - [03/Oct/2025:05:19:00 +0000] "GET / HTTP/1.1" 404 139 "-" "Mozilla/5.0 (Macintosh; Intel Mac OS X 10_15_7) AppleWebKit/537.36 (KHTML, like Gecko) Chrome/140.0.0.0 Safari/537.36"
::1 - - [03/Oct/2025:05:19:36 +0000] "GET / HTTP/1.1" 404 139 "-" "Mozilla/5.0 (Macintosh; Intel Mac OS X 10_15_7) AppleWebKit/537.36 (KHTML, like Gecko) Chrome/140.0.0.0 Safari/537.36"
::1 - - [03/Oct/2025:05:19:50 +0000] "GET / HTTP/1.1" 404 139 "-" "Mozilla/5.0 (Macintosh; Intel Mac OS X 10_15_7) AppleWebKit/537.36 (KHTML, like Gecko) Chrome/140.0.0.0 Safari/537.36"
::1 - - [03/Oct/2025:05:23:20 +0000] "GET / HTTP/1.1" 404 139 "-" "Mozilla/5.0 (Macintosh; Intel Mac OS X 10_15_7) AppleWebKit/537.36 (KHTML, like Gecko) Chrome/140.0.0.0 Safari/537.36"
::1 - - [03/Oct/2025:05:26:11 +0000] "GET / HTTP/1.1" 404 139 "-" "Mozilla/5.0 (Macintosh; Intel Mac OS X 10_15_7) AppleWebKit/537.36 (KHTML, like Gecko) Chrome/140.0.0.0 Safari/537.36"
::1 - - [03/Oct/2025:05:26:12 +0000] "GET / HTTP/1.1" 404 139 "-" "Mozilla/5.0 (Macintosh; Intel Mac OS X 10_15_7) AppleWebKit/537.36 (KHTML, like Gecko) Chrome/140.0.0.0 Safari/537.36"
::1 - - [03/Oct/2025:05:26:12 +0000] "GET / HTTP/1.1" 404 139 "-" "Mozilla/5.0 (Macintosh; Intel Mac OS X 10_15_7) AppleWebKit/537.36 (KHTML, like Gecko) Chrome/140.0.0.0 Safari/537.36"
::1 - - [03/Oct/2025:05:26:12 +0000] "GET / HTTP/1.1" 404 139 "-" "Mozilla/5.0 (Macintosh; Intel Mac OS X 10_15_7) AppleWebKit/537.36 (KHTML, like Gecko) Chrome/140.0.0.0 Safari/537.36"
::1 - - [03/Oct/2025:08:28:12 +0000] "GET / HTTP/1.1" 404 139 "-" "Mozilla/5.0 (Macintosh; Intel Mac OS X 10_15_7) AppleWebKit/537.36 (KHTML, like Gecko) Chrome/140.0.0.0 Safari/537.36"
::1 - - [03/Oct/2025:08:53:33 +0000] "POST /auth/signup HTTP/1.1" 500 1264 "-" "PostmanRuntime/7.45.0"
::1 - - [03/Oct/2025:08:55:03 +0000] "POST /auth/signup HTTP/1.1" 500 1264 "-" "PostmanRuntime/7.45.0"
::1 - - [03/Oct/2025:08:55:16 +0000] "POST /auth/signup HTTP/1.1" 500 1264 "-" "PostmanRuntime/7.45.0"
::1 - - [03/Oct/2025:08:57:20 +0000] "POST /auth/signup HTTP/1.1" 200 27 "-" "PostmanRuntime/7.45.0"
::1 - - [03/Oct/2025:09:01:21 +0000] "POST /auth/signup HTTP/1.1" 500 1251 "-" "PostmanRuntime/7.45.0"
::1 - - [03/Oct/2025:09:02:02 +0000] "POST /auth/signup HTTP/1.1" 200 27 "-" "PostmanRuntime/7.45.0"
::1 - - [03/Oct/2025:09:11:34 +0000] "POST /auth/signup HTTP/1.1" 200 38 "-" "PostmanRuntime/7.45.0"
::1 - - [03/Oct/2025:11:41:51 +0000] "POST /auth/signup HTTP/1.1" 500 398 "-" "PostmanRuntime/7.48.0"
::1 - - [07/Oct/2025:12:55:49 +0000] "POST /auth/signup HTTP/1.1" 422 267 "-" "PostmanRuntime/7.48.0"
::1 - - [07/Oct/2025:12:56:21 +0000] "POST /auth/signup HTTP/1.1" 200 38 "-" "PostmanRuntime/7.48.0"
::1 - - [07/Oct/2025:12:57:56 +0000] "POST /auth/signup HTTP/1.1" 500 398 "-" "PostmanRuntime/7.48.0"
::1 - - [07/Oct/2025:12:58:09 +0000] "POST /auth/signup HTTP/1.1" 200 38 "-" "PostmanRuntime/7.48.0"
::1 - - [07/Oct/2025:13:04:40 +0000] "POST /auth/signup HTTP/1.1" 500 55 "-" "PostmanRuntime/7.48.0"
::1 - - [07/Oct/2025:13:05:07 +0000] "POST /auth/signup HTTP/1.1" 500 55 "-" "PostmanRuntime/7.48.0"
::1 - - [07/Oct/2025:13:08:55 +0000] "POST /auth/signup HTTP/1.1" 415 55 "-" "PostmanRuntime/7.48.0"
::1 - - [07/Oct/2025:13:22:16 +0000] "POST /auth/signup HTTP/1.1" 415 55 "-" "PostmanRuntime/7.48.0"
::1 - - [07/Oct/2025:13:23:22 +0000] "POST /auth/signup HTTP/1.1" 415 55 "-" "PostmanRuntime/7.48.0"
::1 - - [07/Oct/2025:13:23:40 +0000] "POST /auth/signup HTTP/1.1" 415 55 "-" "PostmanRuntime/7.48.0"
::1 - - [07/Oct/2025:13:23:51 +0000] "POST /auth/signup HTTP/1.1" 422 565 "-" "PostmanRuntime/7.48.0"
::1 - - [07/Oct/2025:13:24:47 +0000] "POST /auth/signup HTTP/1.1" 422 565 "-" "PostmanRuntime/7.48.0"
::1 - - [08/Oct/2025:00:55:47 +0000] "POST /auth/signup HTTP/1.1" 422 565 "-" "PostmanRuntime/7.48.0"
::1 - - [08/Oct/2025:00:58:51 +0000] "POST /auth/signup HTTP/1.1" 200 39 "-" "PostmanRuntime/7.48.0"
::1 - - [08/Oct/2025:01:08:38 +0000] "POST /auth/signup HTTP/1.1" 200 39 "-" "PostmanRuntime/7.48.0"
::1 - - [08/Oct/2025:01:08:56 +0000] "POST /auth/signup HTTP/1.1" 422 143 "-" "PostmanRuntime/7.48.0"
::1 - - [08/Oct/2025:01:09:52 +0000] "POST /auth/signup HTTP/1.1" 422 143 "-" "PostmanRuntime/7.48.0"
::1 - - [08/Oct/2025:01:14:55 +0000] "POST /auth/signup HTTP/1.1" 422 196 "-" "PostmanRuntime/7.48.0"
::1 - - [08/Oct/2025:01:19:11 +0000] "POST /auth/signup HTTP/1.1" 200 39 "-" "PostmanRuntime/7.48.0"
::1 - - [08/Oct/2025:01:20:04 +0000] "POST /auth/signup HTTP/1.1" 422 143 "-" "PostmanRuntime/7.48.0"
::1 - - [08/Oct/2025:01:20:12 +0000] "POST /auth/signup HTTP/1.1" 200 39 "-" "PostmanRuntime/7.48.0"
::1 - - [08/Oct/2025:01:29:17 +0000] "POST /auth/signup HTTP/1.1" 200 39 "-" "PostmanRuntime/7.48.0"
::1 - - [08/Oct/2025:01:30:21 +0000] "POST /auth/signup HTTP/1.1" 200 39 "-" "PostmanRuntime/7.48.0"
::1 - - [08/Oct/2025:01:31:07 +0000] "POST /auth/signup HTTP/1.1" 500 422 "-" "PostmanRuntime/7.48.0"
::1 - - [10/Oct/2025:01:24:12 +0000] "POST /auth/signup HTTP/1.1" 500 422 "-" "PostmanRuntime/7.48.0"
::1 - - [10/Oct/2025:01:25:32 +0000] "POST /auth/signup HTTP/1.1" 200 39 "-" "PostmanRuntime/7.48.0"
::1 - - [10/Oct/2025:01:25:46 +0000] "POST /auth/signup HTTP/1.1" 500 422 "-" "PostmanRuntime/7.48.0"
::1 - - [10/Oct/2025:01:28:02 +0000] "POST /auth/signup HTTP/1.1" 200 39 "-" "PostmanRuntime/7.48.0"
::1 - - [10/Oct/2025:01:28:06 +0000] "POST /auth/signup HTTP/1.1" 500 422 "-" "PostmanRuntime/7.48.0"
::1 - - [10/Oct/2025:01:29:10 +0000] "POST /auth/signup HTTP/1.1" 500 422 "-" "PostmanRuntime/7.48.0"
::1 - - [10/Oct/2025:01:33:48 +0000] "POST /auth/signup HTTP/1.1" 500 45 "-" "PostmanRuntime/7.48.0"
::1 - - [14/Oct/2025:09:29:28 +0000] "POST /auth/login HTTP/1.1" 422 222 "-" "PostmanRuntime/7.48.0"
::1 - - [14/Oct/2025:09:30:04 +0000] "POST /auth/login HTTP/1.1" 401 42 "-" "PostmanRuntime/7.48.0"
::1 - - [14/Oct/2025:09:30:15 +0000] "POST /auth/login HTTP/1.1" 422 156 "-" "PostmanRuntime/7.48.0"
::1 - - [14/Oct/2025:09:31:07 +0000] "POST /auth/signup HTTP/1.1" 200 39 "-" "PostmanRuntime/7.48.0"
::1 - - [14/Oct/2025:09:31:14 +0000] "POST /auth/login HTTP/1.1" 500 103 "-" "PostmanRuntime/7.48.0"
::1 - - [14/Oct/2025:09:32:16 +0000] "POST /auth/login HTTP/1.1" 500 103 "-" "PostmanRuntime/7.48.0"
::1 - - [14/Oct/2025:09:36:39 +0000] "POST /auth/login HTTP/1.1" 200 354 "-" "PostmanRuntime/7.48.0"
::1 - - [14/Oct/2025:10:10:10 +0000] "GET /auth/refresh-token HTTP/1.1" 404 157 "-" "PostmanRuntime/7.48.0"
::1 - - [14/Oct/2025:10:10:31 +0000] "GET /auth/refresh-token HTTP/1.1" 404 157 "-" "PostmanRuntime/7.48.0"
::1 - - [14/Oct/2025:10:10:42 +0000] "POST /auth/refresh-token HTTP/1.1" 500 103 "-" "PostmanRuntime/7.48.0"
::1 - - [14/Oct/2025:10:11:20 +0000] "POST /auth/login HTTP/1.1" 500 103 "-" "PostmanRuntime/7.48.0"
::1 - - [14/Oct/2025:10:21:06 +0000] "POST /auth/refresh-token HTTP/1.1" 500 103 "-" "PostmanRuntime/7.48.0"
::1 - - [14/Oct/2025:10:21:14 +0000] "POST /auth/login HTTP/1.1" 200 324 "-" "PostmanRuntime/7.48.0"
::1 - - [14/Oct/2025:10:21:36 +0000] "POST /auth/refresh-token HTTP/1.1" 500 103 "-" "PostmanRuntime/7.48.0"
::1 - - [14/Oct/2025:10:22:02 +0000] "POST /auth/refresh-token HTTP/1.1" 200 162 "-" "PostmanRuntime/7.48.0"
::1 - - [16/Oct/2025:02:37:59 +0000] "POST /expense/create HTTP/1.1" 401 57 "-" "PostmanRuntime/7.48.0"
::1 - - [16/Oct/2025:02:40:24 +0000] "POST /auth/login HTTP/1.1" 200 324 "-" "PostmanRuntime/7.48.0"
::1 - - [16/Oct/2025:02:41:27 +0000] "POST /expense/create HTTP/1.1" 401 57 "-" "PostmanRuntime/7.48.0"
::1 - - [16/Oct/2025:02:42:39 +0000] "POST /auth/login HTTP/1.1" 200 324 "-" "PostmanRuntime/7.48.0"
::1 - - [16/Oct/2025:02:43:33 +0000] "POST /expense/create HTTP/1.1" 401 57 "-" "PostmanRuntime/7.48.0"
::1 - - [16/Oct/2025:02:44:14 +0000] "POST /expense/create HTTP/1.1" 401 57 "-" "PostmanRuntime/7.48.0"
::1 - - [16/Oct/2025:02:44:51 +0000] "POST /expense/create HTTP/1.1" 200 21 "-" "PostmanRuntime/7.48.0"
::1 - - [16/Oct/2025:14:54:28 +0000] "POST /expense/create HTTP/1.1" 401 57 "-" "PostmanRuntime/7.48.0"
::1 - - [16/Oct/2025:14:54:42 +0000] "POST /auth/login HTTP/1.1" 200 324 "-" "PostmanRuntime/7.48.0"
::1 - - [16/Oct/2025:14:54:58 +0000] "POST /expense/create HTTP/1.1" 200 248 "-" "PostmanRuntime/7.48.0"
::1 - - [16/Oct/2025:14:56:35 +0000] "POST /expense/create HTTP/1.1" 200 248 "-" "PostmanRuntime/7.48.0"
::1 - - [21/Oct/2025:15:23:20 +0000] "GET /expense/update/3 HTTP/1.1" 404 155 "-" "PostmanRuntime/7.48.0"
::1 - - [21/Oct/2025:15:23:30 +0000] "POST /expense/update/3 HTTP/1.1" 404 43 "-" "PostmanRuntime/7.48.0"
::1 - - [21/Oct/2025:15:23:44 +0000] "POST /expense/update/1 HTTP/1.1" 200 255 "-" "PostmanRuntime/7.48.0"
::1 - - [21/Oct/2025:15:24:50 +0000] "POST /expense/update/1 HTTP/1.1" 404 156 "-" "PostmanRuntime/7.48.0"
::1 - - [21/Oct/2025:15:24:55 +0000] "PUT /expense/update/1 HTTP/1.1" 200 255 "-" "PostmanRuntime/7.48.0"
::1 - - [22/Oct/2025:11:56:20 +0000] "DELETE /expense/delete/2 HTTP/1.1" 200 42 "-" "PostmanRuntime/7.48.0"
::1 - - [22/Oct/2025:12:13:08 +0000] "POST /expense/create HTTP/1.1" 422 131 "-" "PostmanRuntime/7.48.0"
::1 - - [22/Oct/2025:12:13:24 +0000] "POST /expense/create HTTP/1.1" 422 131 "-" "PostmanRuntime/7.48.0"
::1 - - [22/Oct/2025:12:13:29 +0000] "POST /expense/create HTTP/1.1" 422 132 "-" "PostmanRuntime/7.48.0"
::1 - - [22/Oct/2025:12:13:45 +0000] "POST /expense/create HTTP/1.1" 422 130 "-" "PostmanRuntime/7.48.0"
::1 - - [24/Oct/2025:10:17:47 +0000] "GET /expense/list?date=2025-09-01 HTTP/1.1" 401 57 "-" "PostmanRuntime/7.49.0"
::1 - - [24/Oct/2025:10:17:57 +0000] "POST /auth/login HTTP/1.1" 200 324 "-" "PostmanRuntime/7.49.0"
::1 - - [24/Oct/2025:10:18:14 +0000] "GET /expense/list?date=2025-09-01 HTTP/1.1" 404 151 "-" "PostmanRuntime/7.49.0"
::1 - - [24/Oct/2025:10:21:52 +0000] "GET /expense/list?date=2025-09-01 HTTP/1.1" 500 638 "-" "PostmanRuntime/7.49.0"
::1 - - [24/Oct/2025:10:24:56 +0000] "GET /expense/list?date=2025-09-01 HTTP/1.1" 500 672 "-" "PostmanRuntime/7.49.0"
::1 - - [24/Oct/2025:10:27:50 +0000] "GET /expense/list?date=2025-09-01 HTTP/1.1" 500 665 "-" "PostmanRuntime/7.49.0"
::1 - - [24/Oct/2025:10:28:40 +0000] "GET /expense/list?date=2025-09-01 HTTP/1.1" 200 223 "-" "PostmanRuntime/7.49.0"
::1 - - [24/Oct/2025:10:29:16 +0000] "GET /expense/list?date=2025-09-01 HTTP/1.1" 200 223 "-" "PostmanRuntime/7.49.0"
::1 - - [24/Oct/2025:10:29:56 +0000] "GET /expense/list?date=2025-09-01 HTTP/1.1" 200 223 "-" "PostmanRuntime/7.49.0"
::1 - - [24/Oct/2025:10:30:10 +0000] "GET /expense/list?date=2025-09-01 HTTP/1.1" 200 223 "-" "PostmanRuntime/7.49.0"
::1 - - [24/Oct/2025:10:46:53 +0000] "GET /expense/list?date=2025-09-01 HTTP/1.1" 200 21 "-" "PostmanRuntime/7.49.0"
::1 - - [24/Oct/2025:10:48:13 +0000] "GET /expense/list?date=2025-09-01&from=2025-09-01&to=2025-10-24 HTTP/1.1" 200 21 "-" "PostmanRuntime/7.49.0"
::1 - - [24/Oct/2025:10:48:31 +0000] "GET /expense/list?from=2025-09-01&to=2025-10-24 HTTP/1.1" 500 1196 "-" "PostmanRuntime/7.49.0"
::1 - - [24/Oct/2025:10:49:13 +0000] "GET /expense/list?from=2025-09-01&to=2025-10-24 HTTP/1.1" 500 1389 "-" "PostmanRuntime/7.49.0"
::1 - - [24/Oct/2025:10:49:30 +0000] "GET /expense/list?from=2025-09-01&to=2025-09-24 HTTP/1.1" 500 1389 "-" "PostmanRuntime/7.49.0"
::1 - - [24/Oct/2025:10:50:35 +0000] "GET /expense/list?category=FOOD HTTP/1.1" 200 223 "-" "PostmanRuntime/7.49.0"
::1 - - [24/Oct/2025:10:53:13 +0000] "GET /expense/list?from=2025-09-01&to=2025-09-24&category=FOOD HTTP/1.1" 200 21 "-" "PostmanRuntime/7.49.0"
::1 - - [24/Oct/2025:10:53:23 +0000] "GET /expense/list?from=2025-09-01&to=2025-10-24&category=FOOD HTTP/1.1" 200 223 "-" "PostmanRuntime/7.49.0"
::1 - - [24/Oct/2025:10:54:17 +0000] "GET /expense/list?from=2025-09-01&to=2025-10-24&category=FOOD&sortBy=category HTTP/1.1" 422 140 "-" "PostmanRuntime/7.49.0"
::1 - - [24/Oct/2025:10:54:27 +0000] "GET /expense/list?date=2025-09-01&from=2025-09-01&to=2025-10-24&category=FOOD HTTP/1.1" 200 21 "-" "PostmanRuntime/7.49.0"
::1 - - [24/Oct/2025:10:56:28 +0000] "GET /expense/list?date=2025-09-01&from=2025-09-01&to=2025-10-24&category=FOOD&sortBy=amount HTTP/1.1" 422 138 "-" "PostmanRuntime/7.49.0"
::1 - - [24/Oct/2025:10:56:49 +0000] "GET /expense/list?date=2025-09-01&from=2025-09-01&to=2025-10-24&category=FOOD&sortBy=amount HTTP/1.1" 422 138 "-" "PostmanRuntime/7.49.0"
::1 - - [24/Oct/2025:10:57:21 +0000] "GET /expense/list?date=2025-09-01&from=2025-09-01&to=2025-10-24&category=FOOD&sortBy=amount HTTP/1.1" 200 21 "-" "PostmanRuntime/7.49.0"
::1 - - [24/Oct/2025:10:57:27 +0000] "GET /expense/list?from=2025-09-01&to=2025-10-24&category=FOOD&sortBy=amount HTTP/1.1" 200 223 "-" "PostmanRuntime/7.49.0"
::1 - - [24/Oct/2025:10:57:43 +0000] "GET /expense/list?from=2025-09-01&to=2025-10-24&category=FOOD&sortBy=amount&search=gro HTTP/1.1" 200 223 "-" "PostmanRuntime/7.49.0"
::1 - - [24/Oct/2025:10:57:48 +0000] "GET /expense/list?from=2025-09-01&to=2025-10-24&category=FOOD&sortBy=amount&search=groskkkk HTTP/1.1" 200 21 "-" "PostmanRuntime/7.49.0"
::1 - - [24/Oct/2025:11:00:16 +0000] "GET /expense/list?from=2025-09-01&to=2025-10-24&category=FOOD&sortBy=amount&page=1&limit=25 HTTP/1.1" 200 223 "-" "PostmanRuntime/7.49.0"
::1 - - [24/Oct/2025:11:00:23 +0000] "GET /expense/list?from=2025-09-01&to=2025-10-24&category=FOOD&sortBy=amount&page=&limit=25 HTTP/1.1" 422 129 "-" "PostmanRuntime/7.49.0"
::1 - - [24/Oct/2025:11:00:33 +0000] "GET /expense/list?from=2025-09-01&to=2025-10-24&category=FOOD&sortBy=amount&page=2&limit=25 HTTP/1.1" 200 21 "-" "PostmanRuntime/7.49.0"
